IQ-TREE multicore version 2.2.0 COVID-edition for Linux 64-bit built Jun  1 2022
Developed by Bui Quang Minh, James Barbetti, Nguyen Lam Tung,
Olga Chernomor, Heiko Schmidt, Dominik Schrempf, Michael Woodhams, Ly Trong Nhan.

Host:    dayhoff.uds.anu.edu.au (AVX2, FMA3, 1007 GB RAM)
Command: /mnt/data/dayhoff/home/u5348329/ancient_ILS/iqtree-2.2.0-Linux/bin/iqtree2 -t /mnt/data/dayhoff/home/u5348329/ancient_ILS/02_empirical_tree_estimation/Whelan2017_partitioned_ML_tree.treefile --gcf /mnt/data/dayhoff/home/u5348329/ancient_ILS/02_empirical_tree_estimation/Whelan2017_gene_trees.treefile -nt 15 -pre Whelan2017_gCF
Seed:    392708 (Using SPRNG - Scalable Parallel Random Number Generator)
Time:    Fri May 19 17:30:14 2023
Kernel:  AVX+FMA - 15 threads (192 CPU cores detected)

Reading tree /mnt/data/dayhoff/home/u5348329/ancient_ILS/02_empirical_tree_estimation/Whelan2017_partitioned_ML_tree.treefile ...
un-rooted tree with 75 taxa and 147 branches
Reading tree(s) file /mnt/data/dayhoff/home/u5348329/ancient_ILS/02_empirical_tree_estimation/Whelan2017_gene_trees.treefile ...
117 tree(s) loaded (0 rooted and 117 unrooted)
Trees have different number of taxa
Computing gene concordance factor...
0.036 sec
Tree with concordance factors written to Whelan2017_gCF.cf.tree
Annotated tree (best viewed in FigTree) written to Whelan2017_gCF.cf.tree.nex
Tree with branch IDs written to Whelan2017_gCF.cf.branch
Concordance factors per branch printed to Whelan2017_gCF.cf.stat
Date and Time: Fri May 19 17:30:14 2023
