
================== ASTRAL ===================== 

This is ASTRAL version 5.7.8
Gene trees are treated as unrooted
1719 trees read from /mnt/data/dayhoff/home/u5348329/ancient_ILS/output/tree_estimation/Simion2017.supermatrix_97sp_401632pos_1719genes.ModelFinder.gene_trees.treefile
index0
All output trees will be *arbitrarily* rooted at Acanthoeca_sp._10tr

======== Running the main analysis
Number of taxa: 97 (97 species)
Taxa: [Acanthoeca_sp._10tr, Acanthoeca_spectabilis_VA_02, Alatina_alata, Lucernariopsis_campanulata, Atolla_vanhoeffeni, Periphylla_periphylla, Aurelia_aurita, Stomolophus_meleagris, Pelagia_noctiluca, Clytia_hemisphaerica, Hydractinia_polyclina, Nanomia_bijuga, Hydra_magnipapillata, Craspedacusta_sowerbyi, Liriope_tetraphylla, Montastraea_faveolata, Amphimedon_queenslandica, Petrosia_ficiformis, Ircinia_fasciculata, Pleraplysilla_spinifera, Kirkpatrickia_variolosa, Latrunculia_apicalis, Mycale_phyllophila, Chondrilla_nucula, Ephydatia_muelleri, Spongilla_lacustris, Euplectella_aspergillum, Rossella_fibulata, Sympagella_nux, Hyalonema_populiferum, Clathrina_coriacea, Sycon_ciliatum, Corticium_candelabrum, Oscarella_carmela, Oscarella_species, Aplysia_californica, Crassostrea_gigas, Capitella_teleta, Helobdella_robusta, Daphnia_pulex, Ixodes_scapularis, Tribolium_castaneum, Branchiostoma_floridae, Homo_sapiens, Saccoglossus_kowalevskii, Strongylocentrotus_purpuratus, Trichoplax_adhaerens, Beroe_abyssicola, Euplokamis_dunlapae, Hormiphora_californensis, Pleurobrachia_species, Mnemiopsis_leidyi, Bolinopsis_infundibulum, Cestum_veneris, Dryodora_glandiformis, Lampea_pancerina, Coeloplana_species, Vallicula_multiformis, Salpingoeca_urceolata_04, Salpingoeca_qvevrii_09, Didymoeca_costata_10, Diaphanoeca_grandis_RI_01, Stephanoeca_diplocostata_AUFR, Abeoforma_whisleri, Salpingoeca_dolichothecata_16, Choanoeca_perplexa_11, Monosiga_brevicollis_mx1, Salpingoeca_infusionum_12, Salpingoeca_roanoka_13, Salpingoeca_rosetta, Codosiga_hollandica_17, Mylnosiga_fluctuans_19, Salpingoeca_helianthica_18, Salpingoeca_macrocollata_06, Salpingoeca_punica_03, Aiptasia_pallida, Bolocera_tuedia, Edwardsiella_lineata, Antipathes_caribbeana, Plumapathes_pennacea, Porites_australiensis, Gorgonia_ventalina, Plakina_jani, Capsaspora_owczarzaki_atcc30864, Amoebidium_parasiticum_JAP72, Creolimax_fragrantissima, Sphaeroforma_arctica_JP610, Pennatula_rubra, Leuconia_nivea, Aphrocallistes_vastus, Beroe_sp., Ministeria_vibrans, Pirum_gemmata, Grantia_compressa, Leucosolenia_complicata, Sycon_coactum, Nematostella_vectensis]
Taxon occupancy: {Stephanoeca_diplocostata_AUFR=1513, Oscarella_carmela=1028, Sycon_coactum=761, Corticium_candelabrum=1060, Sympagella_nux=1363, Saccoglossus_kowalevskii=1640, Nematostella_vectensis=1302, Hydractinia_polyclina=1527, Salpingoeca_punica_03=1432, Beroe_abyssicola=1509, Leucosolenia_complicata=660, Rossella_fibulata=1235, Salpingoeca_qvevrii_09=1445, Strongylocentrotus_purpuratus=1606, Oscarella_species=1521, Acanthoeca_sp._10tr=1396, Kirkpatrickia_variolosa=1319, Chondrilla_nucula=981, Pennatula_rubra=528, Branchiostoma_floridae=1547, Monosiga_brevicollis_mx1=1293, Hyalonema_populiferum=574, Salpingoeca_helianthica_18=1497, Amphimedon_queenslandica=1537, Aplysia_californica=1645, Nanomia_bijuga=1479, Salpingoeca_urceolata_04=1467, Leuconia_nivea=793, Salpingoeca_rosetta=1430, Mnemiopsis_leidyi=1666, Plakina_jani=992, Ephydatia_muelleri=1313, Clathrina_coriacea=676, Homo_sapiens=1499, Stomolophus_meleagris=1371, Coeloplana_species=1653, Pleurobrachia_species=1650, Lampea_pancerina=1649, Diaphanoeca_grandis_RI_01=1491, Choanoeca_perplexa_11=1530, Periphylla_periphylla=899, Codosiga_hollandica_17=1378, Antipathes_caribbeana=1296, Abeoforma_whisleri=704, Euplectella_aspergillum=1334, Bolocera_tuedia=1183, Aurelia_aurita=1483, Montastraea_faveolata=1392, Pirum_gemmata=700, Atolla_vanhoeffeni=1028, Mycale_phyllophila=1340, Capitella_teleta=1644, Liriope_tetraphylla=1450, Craspedacusta_sowerbyi=1426, Ixodes_scapularis=1327, Euplokamis_dunlapae=1359, Mylnosiga_fluctuans_19=1394, Spongilla_lacustris=1291, Vallicula_multiformis=1655, Ministeria_vibrans=615, Dryodora_glandiformis=1377, Grantia_compressa=798, Beroe_sp.=691, Cestum_veneris=904, Creolimax_fragrantissima=677, Aphrocallistes_vastus=834, Bolinopsis_infundibulum=1266, Trichoplax_adhaerens=1588, Acanthoeca_spectabilis_VA_02=1498, Plumapathes_pennacea=1290, Ircinia_fasciculata=1052, Hormiphora_californensis=1602, Petrosia_ficiformis=1476, Hydra_magnipapillata=1423, Lucernariopsis_campanulata=1285, Salpingoeca_macrocollata_06=1497, Daphnia_pulex=1469, Didymoeca_costata_10=1445, Alatina_alata=1360, Salpingoeca_roanoka_13=1532, Porites_australiensis=1263, Aiptasia_pallida=1402, Gorgonia_ventalina=1241, Crassostrea_gigas=1477, Latrunculia_apicalis=1161, Salpingoeca_dolichothecata_16=1465, Pleraplysilla_spinifera=1018, Tribolium_castaneum=1460, Helobdella_robusta=1509, Capsaspora_owczarzaki_atcc30864=1350, Pelagia_noctiluca=1242, Salpingoeca_infusionum_12=1484, Sphaeroforma_arctica_JP610=699, Edwardsiella_lineata=1341, Clytia_hemisphaerica=1275, Sycon_ciliatum=741, Amoebidium_parasiticum_JAP72=853}
Number of gene trees: 1719
1719 trees have missing taxa
Calculating quartet distance matrix (for completion of X)
Species tree distances calculated ...
Will attempt to complete bipartitions from X before adding using a distance matrix.
Building set of clusters (X) from gene trees 
------------------------------
gradient0: 41765
Number of Clusters after addition by distance: 41765
calculating extra bipartitions to be added at level 1 ...
Adding to X using resolutions of greedy consensus ...
Limit for sigma of degrees:2475
polytomy size limit : 13
discarded polytomies:  [3, 3, 4, 5, 6, 6, 6, 7, 13]
Threshold 0.0:
Threshold 0.01:
Threshold 0.02:
Threshold 0.05:
Threshold 0.1:
polytomy of size 6; rounds with additions with at least 5 support: 0; clusters: 41765
polytomy of size 5; rounds with additions with at least 5 support: 0; clusters: 41765
Threshold 0.2:
polytomy of size 4; rounds with additions with at least 5 support: 0; clusters: 41765
polytomy of size 6; rounds with additions with at least 5 support: 0; clusters: 41765
polytomy of size 6; rounds with additions with at least 5 support: 0; clusters: 41765
Threshold 0.3333333333333333:
polytomy of size 3; rounds with additions with at least 5 support: 0; clusters: 41765
polytomy of size 3; rounds with additions with at least 5 support: 0; clusters: 41765
polytomy of size 13; rounds with additions with at least 5 support: 0; clusters: 41765
polytomy of size 7; rounds with additions with at least 5 support: 0; clusters: 41765
max k is :0
Number of Clusters after addition by greedy: 41765
gradient0 in heuristiic: 41765
partitions formed in 70.288 secs
Dynamic Programming starting after 70.288 secs
Using tree-based weight calculation.
Using polytree-based weight calculation.
Polytree max score: 1966210882
Polytree building time: 0.232 seconds.
Number of quartet trees in the gene trees: 1966210882
Size of largest cluster: 97
Greedy score: 1272770627
estimationFactor: 1.5448273556048995
Sub-optimal score: 1430799408
Calculated 100000 weights; time (seconds): 651
Calculated 200000 weights; time (seconds): 580
Total Number of elements weighted: 241311
Normalized score (portion of input quartet trees satisfied before correcting for multiple individuals): 0.7580438780218286
Optimization score: 1490474122
Optimal tree inferred in 1559.002 secs.
(Sphaeroforma_arctica_JP610,(Creolimax_fragrantissima,(Amoebidium_parasiticum_JAP72,((Abeoforma_whisleri,Pirum_gemmata),((Capsaspora_owczarzaki_atcc30864,Ministeria_vibrans),((Codosiga_hollandica_17,((Didymoeca_costata_10,(Diaphanoeca_grandis_RI_01,(Stephanoeca_diplocostata_AUFR,(Acanthoeca_sp._10tr,Acanthoeca_spectabilis_VA_02)))),(((Choanoeca_perplexa_11,Monosiga_brevicollis_mx1),(Salpingoeca_infusionum_12,(Salpingoeca_roanoka_13,Salpingoeca_rosetta))),(Salpingoeca_dolichothecata_16,((Salpingoeca_urceolata_04,Salpingoeca_qvevrii_09),((Mylnosiga_fluctuans_19,Salpingoeca_helianthica_18),(Salpingoeca_macrocollata_06,Salpingoeca_punica_03))))))),((Euplokamis_dunlapae,((Coeloplana_species,Vallicula_multiformis),(Lampea_pancerina,((Hormiphora_californensis,Pleurobrachia_species),(Dryodora_glandiformis,((Beroe_abyssicola,Beroe_sp.),(Bolinopsis_infundibulum,(Mnemiopsis_leidyi,Cestum_veneris)))))))),(((((Oscarella_carmela,Oscarella_species),(Corticium_candelabrum,Plakina_jani)),(Clathrina_coriacea,(Leucosolenia_complicata,(Leuconia_nivea,(Grantia_compressa,(Sycon_ciliatum,Sycon_coactum)))))),((Hyalonema_populiferum,(Aphrocallistes_vastus,(Euplectella_aspergillum,(Rossella_fibulata,Sympagella_nux)))),((Chondrilla_nucula,(Ircinia_fasciculata,Pleraplysilla_spinifera)),((Amphimedon_queenslandica,Petrosia_ficiformis),((Ephydatia_muelleri,Spongilla_lacustris),(Mycale_phyllophila,(Kirkpatrickia_variolosa,Latrunculia_apicalis))))))),(Trichoplax_adhaerens,((((Saccoglossus_kowalevskii,Strongylocentrotus_purpuratus),(Branchiostoma_floridae,Homo_sapiens)),((Ixodes_scapularis,(Daphnia_pulex,Tribolium_castaneum)),((Capitella_teleta,Helobdella_robusta),(Aplysia_californica,Crassostrea_gigas)))),(((Gorgonia_ventalina,Pennatula_rubra),(((Edwardsiella_lineata,Nematostella_vectensis),(Aiptasia_pallida,Bolocera_tuedia)),((Montastraea_faveolata,Porites_australiensis),(Antipathes_caribbeana,Plumapathes_pennacea)))),(Lucernariopsis_campanulata,(((Craspedacusta_sowerbyi,Liriope_tetraphylla),(Hydra_magnipapillata,(Clytia_hemisphaerica,(Hydractinia_polyclina,Nanomia_bijuga)))),(Alatina_alata,((Atolla_vanhoeffeni,Periphylla_periphylla),(Pelagia_noctiluca,(Aurelia_aurita,Stomolophus_meleagris)))))))))))))))));
Final quartet score is: 1490474122
Final normalized quartet score is: 0.7580438780218286
Extended species tree:
(Acanthoeca_sp._10tr,(Acanthoeca_spectabilis_VA_02,(Stephanoeca_diplocostata_AUFR,(Diaphanoeca_grandis_RI_01,(Didymoeca_costata_10,((((Choanoeca_perplexa_11,Monosiga_brevicollis_mx1)1:1.5245671114843857,(Salpingoeca_infusionum_12,(Salpingoeca_roanoka_13,Salpingoeca_rosetta)1:2.8926355520375253)1:0.4168908494079101)1:1.1939095962520285,(Salpingoeca_dolichothecata_16,((Salpingoeca_urceolata_04,Salpingoeca_qvevrii_09)1:0.1225912759988615,((Mylnosiga_fluctuans_19,Salpingoeca_helianthica_18)1:2.0523170960565995,(Salpingoeca_macrocollata_06,Salpingoeca_punica_03)1:0.7234328129528959)1:0.2102694474089987)1:0.08669418467820035)0.98:0.06205787164663505)1:0.08323277402060791,(Codosiga_hollandica_17,(((Euplokamis_dunlapae,((Coeloplana_species,Vallicula_multiformis)1:1.8288559032664735,(Lampea_pancerina,((Hormiphora_californensis,Pleurobrachia_species)1:2.48353581368506,(Dryodora_glandiformis,((Beroe_abyssicola,Beroe_sp.)1:1.4343986402045519,(Bolinopsis_infundibulum,(Mnemiopsis_leidyi,Cestum_veneris)1:0.13157806163051794)1:1.0905485155103523)1:0.23021317024122454)1:0.3745299851189595)1:0.49982030710371306)1:0.1924138952041669)1:0.3511681922839449)1:4.191391459898908,(((((Oscarella_carmela,Oscarella_species)1:2.3950460057536174,(Corticium_candelabrum,Plakina_jani)1:2.8110238715153937)1:1.8330822261941842,(Clathrina_coriacea,(Leucosolenia_complicata,(Leuconia_nivea,(Grantia_compressa,(Sycon_ciliatum,Sycon_coactum)1:0.32387513167926585)1:0.1454789891063912)1:0.1619217132480129)1:1.8989773437035067)1:1.8303812435139895)0.97:0.0555802439458808,((Hyalonema_populiferum,(Aphrocallistes_vastus,(Euplectella_aspergillum,(Rossella_fibulata,Sympagella_nux)1:0.7828085487425314)1:0.5302224491112134)1:1.5331457531723849)1:2.324863929756467,((Chondrilla_nucula,(Ircinia_fasciculata,Pleraplysilla_spinifera)1:2.952421736600886)0.79:0.03695826232214684,((Amphimedon_queenslandica,Petrosia_ficiformis)1:1.6278505353633281,((Ephydatia_muelleri,Spongilla_lacustris)1:3.4940561989724555,(Mycale_phyllophila,(Kirkpatrickia_variolosa,Latrunculia_apicalis)1:0.9140412168165466)1:1.6677860144119567)1:0.23331656019242972)1:0.652513372197876)1:0.7664892944883063)1:0.3181599897876841)1:0.08642167742270945,(Trichoplax_adhaerens,((((Saccoglossus_kowalevskii,Strongylocentrotus_purpuratus)1:0.4441083169079192,(Branchiostoma_floridae,Homo_sapiens)1:0.09850625276243084)1:0.15574192363140085,((Ixodes_scapularis,(Daphnia_pulex,Tribolium_castaneum)1:0.5344938575698709)1:0.5597119717236809,((Capitella_teleta,Helobdella_robusta)1:0.24818027684291688,(Aplysia_californica,Crassostrea_gigas)1:0.6794197615995643)1:0.5169393576455517)1:0.193045712902194)1:0.7468588053743045,(((Gorgonia_ventalina,Pennatula_rubra)1:2.148834549390161,(((Edwardsiella_lineata,Nematostella_vectensis)1:1.3832011279069043,(Aiptasia_pallida,Bolocera_tuedia)1:1.0981690974776426)1:1.3033456382578656,((Montastraea_faveolata,Porites_australiensis)1:2.51561524828254,(Antipathes_caribbeana,Plumapathes_pennacea)1:3.1566302371248276)1:0.3489214371901063)1:1.2383287778565482)1:0.6027482021629837,(Lucernariopsis_campanulata,(((Craspedacusta_sowerbyi,Liriope_tetraphylla)1:0.6628219200753648,(Hydra_magnipapillata,(Clytia_hemisphaerica,(Hydractinia_polyclina,Nanomia_bijuga)1:0.10776857664884397)1:0.1515372000356837)1:0.7685263201252824)1:1.7856837119141493,(Alatina_alata,((Atolla_vanhoeffeni,Periphylla_periphylla)1:1.8504809976038459,(Pelagia_noctiluca,(Aurelia_aurita,Stomolophus_meleagris)1:0.6261653407414061)1:1.665029908370138)1:0.3418229288176439)1:0.20520216904110153)0.91:0.04132454590744156)1:1.639587811144347)1:0.6077889291851517)1:0.10708715298544544)1:0.2740642347353362)1:0.15437458670480253)1:0.7409772909977512,((Capsaspora_owczarzaki_atcc30864,Ministeria_vibrans)1:0.19766811813434995,((Abeoforma_whisleri,Pirum_gemmata)1:1.791613280361812,(Amoebidium_parasiticum_JAP72,(Creolimax_fragrantissima,Sphaeroforma_arctica_JP610)1:2.851453001266943)1:0.3431200133869158)1:0.7839706666749693)1:0.18331937610165824)1:1.0735477858701545)0.99:0.05978660116957191)1:1.146120825704385)1:0.9001837783940686)1:0.5524491532618883)1:2.6751152746932827));
Weight calculation took 1300.115242633 secs
ASTRAL finished in 1570.617 secs
